<?xml version="1.0" encoding="UTF-8"?>
<testng-results skipped="0" failed="1" ignored="0" total="1" passed="0">
  <reporter-output>
  </reporter-output>
  <suite name="Test Automation" duration-ms="7887" started-at="2018-11-20T13:33:54Z" finished-at="2018-11-20T13:34:02Z">
    <groups>
    </groups>
    <test name="Chrome" duration-ms="7887" started-at="2018-11-20T13:33:54Z" finished-at="2018-11-20T13:34:02Z">
      <class name="tests.github.LoginPage">
        <test-method status="PASS" signature="setUp(java.lang.String, java.lang.String, java.lang.reflect.Method)[pri:0, instance:tests.github.LoginPage@78e67e0a]" name="setUp" is-config="true" duration-ms="3549" started-at="2018-11-20T13:33:54Z" finished-at="2018-11-20T13:33:57Z">
          <params>
            <param index="0">
              <value>
                <![CDATA[Local]]>
              </value>
            </param>
            <param index="1">
              <value>
                <![CDATA[Chrome]]>
              </value>
            </param>
            <param index="2">
              <value>
                <![CDATA[public void tests.github.LoginPage.validate_Input_Fields_And_Surrounding_Elements()]]>
              </value>
            </param>
          </params>
          <reporter-output>
          </reporter-output>
        </test-method> <!-- setUp -->
        <test-method status="FAIL" signature="validate_Input_Fields_And_Surrounding_Elements()[pri:0, instance:tests.github.LoginPage@78e67e0a]" name="validate_Input_Fields_And_Surrounding_Elements" duration-ms="3372" started-at="2018-11-20T13:33:57Z" finished-at="2018-11-20T13:34:01Z">
          <exception class="java.lang.RuntimeException">
            <message>
              <![CDATA[java.lang.IllegalArgumentException: Illegal base64 character 7b]]>
            </message>
            <full-stacktrace>
              <![CDATA[java.lang.RuntimeException: java.lang.IllegalArgumentException: Illegal base64 character 7b
at in.Visual.verify(Visual.java:74)
at tests.github.LoginPage.validate_Input_Fields_And_Surrounding_Elements(LoginPage.java:12)
at sun.reflect.NativeMethodAccessorImpl.invoke0(Native Method)
at sun.reflect.NativeMethodAccessorImpl.invoke(NativeMethodAccessorImpl.java:62)
at sun.reflect.DelegatingMethodAccessorImpl.invoke(DelegatingMethodAccessorImpl.java:43)
at java.lang.reflect.Method.invoke(Method.java:498)
at org.testng.internal.MethodInvocationHelper.invokeMethod(MethodInvocationHelper.java:124)
at org.testng.internal.Invoker.invokeMethod(Invoker.java:583)
at org.testng.internal.Invoker.invokeTestMethod(Invoker.java:719)
at org.testng.internal.Invoker.invokeTestMethods(Invoker.java:989)
at org.testng.internal.TestMethodWorker.invokeTestMethods(TestMethodWorker.java:125)
at org.testng.internal.TestMethodWorker.run(TestMethodWorker.java:109)
at org.testng.TestRunner.privateRun(TestRunner.java:648)
at org.testng.TestRunner.run(TestRunner.java:505)
at org.testng.SuiteRunner.runTest(SuiteRunner.java:455)
at org.testng.SuiteRunner.access$000(SuiteRunner.java:40)
at org.testng.SuiteRunner$SuiteWorker.run(SuiteRunner.java:489)
at org.testng.internal.thread.ThreadUtil$1.call(ThreadUtil.java:52)
at java.util.concurrent.FutureTask.run(FutureTask.java:266)
at java.util.concurrent.ThreadPoolExecutor.runWorker(ThreadPoolExecutor.java:1149)
at java.util.concurrent.ThreadPoolExecutor$Worker.run(ThreadPoolExecutor.java:624)
at java.lang.Thread.run(Thread.java:748)
Caused by: java.lang.IllegalArgumentException: Illegal base64 character 7b
at java.util.Base64$Decoder.decode0(Base64.java:714)
at java.util.Base64$Decoder.decode(Base64.java:526)
at java.util.Base64$Decoder.decode(Base64.java:549)
at in.Visual.verify(Visual.java:44)
... 21 more
]]>
            </full-stacktrace>
          </exception> <!-- java.lang.RuntimeException -->
          <reporter-output>
          </reporter-output>
        </test-method> <!-- validate_Input_Fields_And_Surrounding_Elements -->
        <test-method status="PASS" signature="tearDown()[pri:0, instance:tests.github.LoginPage@78e67e0a]" name="tearDown" is-config="true" duration-ms="935" started-at="2018-11-20T13:34:01Z" finished-at="2018-11-20T13:34:02Z">
          <reporter-output>
          </reporter-output>
        </test-method> <!-- tearDown -->
      </class> <!-- tests.github.LoginPage -->
    </test> <!-- Chrome -->
  </suite> <!-- Test Automation -->
</testng-results>
