<?xml version="1.0" encoding="UTF-8"?>
<!-- Generated by org.testng.reporters.JUnitReportReporter -->
<testsuite skipped="0" hostname="WINDOWS-KEN7H9H" name="tests.github.LoginPage" tests="1" failures="0" timestamp="20 Nov 2018 13:34:02 GMT" time="7.856" errors="1">
  <testcase name="validate_Input_Fields_And_Surrounding_Elements" time="7.856" classname="tests.github.LoginPage">
    <error type="java.lang.RuntimeException" message="java.lang.IllegalArgumentException: Illegal base64 character 7b">
      <![CDATA[java.lang.RuntimeException: java.lang.IllegalArgumentException: Illegal base64 character 7b
at in.Visual.verify(Visual.java:74)
at tests.github.LoginPage.validate_Input_Fields_And_Surrounding_Elements(LoginPage.java:12)
at sun.reflect.NativeMethodAccessorImpl.invoke0(Native Method)
at sun.reflect.NativeMethodAccessorImpl.invoke(NativeMethodAccessorImpl.java:62)
at sun.reflect.DelegatingMethodAccessorImpl.invoke(DelegatingMethodAccessorImpl.java:43)
at java.lang.reflect.Method.invoke(Method.java:498)
at org.testng.internal.MethodInvocationHelper.invokeMethod(MethodInvocationHelper.java:124)
at org.testng.internal.Invoker.invokeMethod(Invoker.java:583)
at org.testng.internal.Invoker.invokeTestMethod(Invoker.java:719)
at org.testng.internal.Invoker.invokeTestMethods(Invoker.java:989)
at org.testng.internal.TestMethodWorker.invokeTestMethods(TestMethodWorker.java:125)
at org.testng.internal.TestMethodWorker.run(TestMethodWorker.java:109)
at org.testng.TestRunner.privateRun(TestRunner.java:648)
at org.testng.TestRunner.run(TestRunner.java:505)
at org.testng.SuiteRunner.runTest(SuiteRunner.java:455)
at org.testng.SuiteRunner.access$000(SuiteRunner.java:40)
at org.testng.SuiteRunner$SuiteWorker.run(SuiteRunner.java:489)
at org.testng.internal.thread.ThreadUtil$1.call(ThreadUtil.java:52)
at java.util.concurrent.FutureTask.run(FutureTask.java:266)
at java.util.concurrent.ThreadPoolExecutor.runWorker(ThreadPoolExecutor.java:1149)
at java.util.concurrent.ThreadPoolExecutor$Worker.run(ThreadPoolExecutor.java:624)
at java.lang.Thread.run(Thread.java:748)
Caused by: java.lang.IllegalArgumentException: Illegal base64 character 7b
at java.util.Base64$Decoder.decode0(Base64.java:714)
at java.util.Base64$Decoder.decode(Base64.java:526)
at java.util.Base64$Decoder.decode(Base64.java:549)
at in.Visual.verify(Visual.java:44)
... 21 more
]]>
    </error>
  </testcase> <!-- validate_Input_Fields_And_Surrounding_Elements -->
</testsuite> <!-- tests.github.LoginPage -->
